<?xml version="1.0" encoding="UTF-8"?>
<!-- Generated by org.testng.reporters.JUnitReportReporter -->
<testsuite hostname="Wal-VChandran3.local" name="test.java.SmokeTest.Prod.SampleTest" tests="1" failures="0" timestamp="27 Jan 2016 02:05:17 GMT" time="4.518" errors="0">
  <testcase name="test" time="4.518" classname="test.java.SmokeTest.Prod.SampleTest"/>
</testsuite>
